{"event": "hyperparameters_configured", "timestamp": 1783694408.590722, "block_size": 128, "batch_size": 64, "vocab_size": 16000, "n_layer": 6, "n_head": 8, "d_model": 512, "dropout": 0.1, "lr": 0.006, "weight_decay": 0.0, "evals_per_epoch": 3, "epochs": 7, "seed": 1337, "num_titles": 100000, "val_frac": 0.1, "log_file": "./logs/optim_adamw.log"}
{"event": "device_info", "timestamp": 1783694408.591073, "device": "cpu"}
{"event": "dataset_info", "timestamp": 1783694419.353983, "titles_count": 90000, "epochs": 7, "batches_per_epoch": 142, "tokens_per_epoch": 1168720, "vocab_size": 16000}
{"event": "model_info", "timestamp": 1783694419.8210547, "parameters_count": 27172864}
{"event": "training_step", "timestamp": 1783694440.4517803, "step": 1, "max_steps": 994, "loss": 9.781941413879395, "elapsed_time": 19.840394735336304, "prnt": false}
{"event": "validation_step", "timestamp": 1783694494.4444807, "step": 1, "max_steps": 994, "loss": 2.0239450550665663, "elapsed_time": 19.840394735336304}
{"event": "training_step", "timestamp": 1783694519.3291452, "step": 2, "max_steps": 994, "loss": 9.315373420715332, "elapsed_time": 98.71764540672302, "prnt": false}
{"event": "training_step", "timestamp": 1783694532.2012832, "step": 3, "max_steps": 994, "loss": 8.760172843933105, "elapsed_time": 111.58993268013, "prnt": false}
{"event": "training_step", "timestamp": 1783694543.1621473, "step": 4, "max_steps": 994, "loss": 8.284904479980469, "elapsed_time": 122.55080223083496, "prnt": false}
{"event": "training_step", "timestamp": 1783694556.6575468, "step": 5, "max_steps": 994, "loss": 8.437602996826172, "elapsed_time": 136.0460720062256, "prnt": false}
{"event": "training_step", "timestamp": 1783694568.1337004, "step": 6, "max_steps": 994, "loss": 8.492890357971191, "elapsed_time": 147.52235078811646, "prnt": false}
{"event": "training_step", "timestamp": 1783694578.6984754, "step": 7, "max_steps": 994, "loss": 8.480053901672363, "elapsed_time": 158.0871274471283, "prnt": false}
{"event": "training_step", "timestamp": 1783694589.5074832, "step": 8, "max_steps": 994, "loss": 8.39336109161377, "elapsed_time": 168.89612531661987, "prnt": false}
{"event": "training_step", "timestamp": 1783694601.0007832, "step": 9, "max_steps": 994, "loss": 8.702268600463867, "elapsed_time": 180.3893883228302, "prnt": false}
{"event": "training_step", "timestamp": 1783694611.705007, "step": 10, "max_steps": 994, "loss": 8.922516822814941, "elapsed_time": 191.09365320205688, "prnt": false}
{"event": "training_step", "timestamp": 1783694623.3227584, "step": 11, "max_steps": 994, "loss": 8.960787773132324, "elapsed_time": 202.71142411231995, "prnt": false}
{"event": "training_step", "timestamp": 1783694633.9748917, "step": 12, "max_steps": 994, "loss": 8.805144309997559, "elapsed_time": 213.36355710029602, "prnt": false}
{"event": "training_step", "timestamp": 1783694643.713006, "step": 13, "max_steps": 994, "loss": 8.479829788208008, "elapsed_time": 223.10166335105896, "prnt": false}
{"event": "training_step", "timestamp": 1783694653.753841, "step": 14, "max_steps": 994, "loss": 8.4190673828125, "elapsed_time": 233.14250683784485, "prnt": false}
{"event": "training_step", "timestamp": 1783694663.36524, "step": 15, "max_steps": 994, "loss": 8.338482856750488, "elapsed_time": 242.75386762619019, "prnt": false}
{"event": "training_step", "timestamp": 1783694673.771656, "step": 16, "max_steps": 994, "loss": 8.27245044708252, "elapsed_time": 253.1603171825409, "prnt": false}
{"event": "training_step", "timestamp": 1783694686.1547902, "step": 17, "max_steps": 994, "loss": 8.252911567687988, "elapsed_time": 265.54335021972656, "prnt": false}
{"event": "training_step", "timestamp": 1783694697.5334024, "step": 18, "max_steps": 994, "loss": 8.195253372192383, "elapsed_time": 276.9220564365387, "prnt": false}
{"event": "training_step", "timestamp": 1783694708.3606427, "step": 19, "max_steps": 994, "loss": 8.210659980773926, "elapsed_time": 287.7492802143097, "prnt": false}
{"event": "training_step", "timestamp": 1783694719.3718746, "step": 20, "max_steps": 994, "loss": 8.195918083190918, "elapsed_time": 298.7605195045471, "prnt": false}
{"event": "training_step", "timestamp": 1783694730.5275273, "step": 21, "max_steps": 994, "loss": 8.202513694763184, "elapsed_time": 309.91617465019226, "prnt": false}
{"event": "training_step", "timestamp": 1783694743.8830822, "step": 22, "max_steps": 994, "loss": 8.11608600616455, "elapsed_time": 323.2713453769684, "prnt": false}
{"event": "training_step", "timestamp": 1783694760.0642655, "step": 23, "max_steps": 994, "loss": 8.012186050415039, "elapsed_time": 339.45290994644165, "prnt": false}
{"event": "training_step", "timestamp": 1783694773.6917014, "step": 24, "max_steps": 994, "loss": 8.058487892150879, "elapsed_time": 353.0803499221802, "prnt": false}
{"event": "training_step", "timestamp": 1783694788.5082312, "step": 25, "max_steps": 994, "loss": 8.099108695983887, "elapsed_time": 367.896861076355, "prnt": false}
{"event": "training_step", "timestamp": 1783694806.1295707, "step": 26, "max_steps": 994, "loss": 8.036739349365234, "elapsed_time": 385.5182213783264, "prnt": false}
{"event": "training_step", "timestamp": 1783694817.9674447, "step": 27, "max_steps": 994, "loss": 8.046082496643066, "elapsed_time": 397.35577178001404, "prnt": false}
{"event": "training_step", "timestamp": 1783694830.0233388, "step": 28, "max_steps": 994, "loss": 8.073122024536133, "elapsed_time": 409.4119806289673, "prnt": false}
{"event": "training_step", "timestamp": 1783694840.8617282, "step": 29, "max_steps": 994, "loss": 8.042376518249512, "elapsed_time": 420.25037693977356, "prnt": false}
{"event": "training_step", "timestamp": 1783694853.1004503, "step": 30, "max_steps": 994, "loss": 8.034280776977539, "elapsed_time": 432.48910188674927, "prnt": false}
{"event": "training_step", "timestamp": 1783694865.0925372, "step": 31, "max_steps": 994, "loss": 8.008981704711914, "elapsed_time": 444.48119950294495, "prnt": false}
{"event": "training_step", "timestamp": 1783694875.8430371, "step": 32, "max_steps": 994, "loss": 7.948720932006836, "elapsed_time": 455.23169589042664, "prnt": false}
{"event": "training_step", "timestamp": 1783694886.5259705, "step": 33, "max_steps": 994, "loss": 8.003114700317383, "elapsed_time": 465.91462683677673, "prnt": false}
{"event": "training_step", "timestamp": 1783694896.8713043, "step": 34, "max_steps": 994, "loss": 7.955045700073242, "elapsed_time": 476.2599594593048, "prnt": false}
{"event": "training_step", "timestamp": 1783694907.4309773, "step": 35, "max_steps": 994, "loss": 7.927470684051514, "elapsed_time": 486.81962609291077, "prnt": false}
{"event": "training_step", "timestamp": 1783694918.6506095, "step": 36, "max_steps": 994, "loss": 7.973240852355957, "elapsed_time": 498.03925800323486, "prnt": false}
{"event": "training_step", "timestamp": 1783694928.483479, "step": 37, "max_steps": 994, "loss": 7.940040111541748, "elapsed_time": 507.8721294403076, "prnt": false}
{"event": "training_step", "timestamp": 1783694939.3753483, "step": 38, "max_steps": 994, "loss": 7.898364067077637, "elapsed_time": 518.7639951705933, "prnt": false}
{"event": "training_step", "timestamp": 1783694952.3537655, "step": 39, "max_steps": 994, "loss": 7.917576313018799, "elapsed_time": 531.7424099445343, "prnt": false}
{"event": "training_step", "timestamp": 1783694963.4976902, "step": 40, "max_steps": 994, "loss": 7.880285263061523, "elapsed_time": 542.8863568305969, "prnt": false}
{"event": "training_step", "timestamp": 1783694977.590257, "step": 41, "max_steps": 994, "loss": 7.844274044036865, "elapsed_time": 556.9788737297058, "prnt": false}
{"event": "training_step", "timestamp": 1783694998.833957, "step": 42, "max_steps": 994, "loss": 7.819109916687012, "elapsed_time": 578.2225844860077, "prnt": false}
{"event": "training_step", "timestamp": 1783695010.7342408, "step": 43, "max_steps": 994, "loss": 7.7988386154174805, "elapsed_time": 590.1228926181793, "prnt": false}
{"event": "training_step", "timestamp": 1783695022.0936513, "step": 44, "max_steps": 994, "loss": 7.880211353302002, "elapsed_time": 601.4823038578033, "prnt": false}
{"event": "training_step", "timestamp": 1783695033.388485, "step": 45, "max_steps": 994, "loss": 7.884109973907471, "elapsed_time": 612.7771456241608, "prnt": false}
{"event": "training_step", "timestamp": 1783695043.960952, "step": 46, "max_steps": 994, "loss": 7.845492362976074, "elapsed_time": 623.3496153354645, "prnt": false}
{"event": "training_step", "timestamp": 1783695054.0422795, "step": 47, "max_steps": 994, "loss": 7.881308555603027, "elapsed_time": 633.430939912796, "prnt": false}
{"event": "validation_step", "timestamp": 1783695093.9487693, "step": 47, "max_steps": 994, "loss": 1.7004125223915254, "elapsed_time": 633.430939912796}
{"event": "training_step", "timestamp": 1783695111.8477297, "step": 48, "max_steps": 994, "loss": 7.832204818725586, "elapsed_time": 691.2363777160645, "prnt": false}
{"event": "training_step", "timestamp": 1783695122.954512, "step": 49, "max_steps": 994, "loss": 7.812828063964844, "elapsed_time": 702.3431787490845, "prnt": false}
{"event": "training_step", "timestamp": 1783695133.2688515, "step": 50, "max_steps": 994, "loss": 7.831389904022217, "elapsed_time": 712.6575286388397, "prnt": false}
{"event": "training_step", "timestamp": 1783695144.7296658, "step": 51, "max_steps": 994, "loss": 7.866467475891113, "elapsed_time": 724.1183257102966, "prnt": false}
{"event": "training_step", "timestamp": 1783695159.357168, "step": 52, "max_steps": 994, "loss": 7.816052436828613, "elapsed_time": 738.7457983493805, "prnt": false}
{"event": "training_step", "timestamp": 1783695171.3108838, "step": 53, "max_steps": 994, "loss": 7.801326751708984, "elapsed_time": 750.6995284557343, "prnt": false}
{"event": "training_step", "timestamp": 1783695182.839154, "step": 54, "max_steps": 994, "loss": 7.822084426879883, "elapsed_time": 762.2278046607971, "prnt": false}
{"event": "training_step", "timestamp": 1783695200.8538558, "step": 55, "max_steps": 994, "loss": 7.7889018058776855, "elapsed_time": 780.2423052787781, "prnt": false}
{"event": "training_step", "timestamp": 1783695216.140046, "step": 56, "max_steps": 994, "loss": 7.812467575073242, "elapsed_time": 795.5286877155304, "prnt": false}
{"event": "training_step", "timestamp": 1783695228.5990934, "step": 57, "max_steps": 994, "loss": 7.738833427429199, "elapsed_time": 807.9877080917358, "prnt": false}
{"event": "training_step", "timestamp": 1783695240.2078981, "step": 58, "max_steps": 994, "loss": 7.790665626525879, "elapsed_time": 819.5965473651886, "prnt": false}
{"event": "training_step", "timestamp": 1783695252.4267144, "step": 59, "max_steps": 994, "loss": 7.800498962402344, "elapsed_time": 831.8153598308563, "prnt": false}
{"event": "training_step", "timestamp": 1783695265.8172064, "step": 60, "max_steps": 994, "loss": 7.775485515594482, "elapsed_time": 845.2058372497559, "prnt": false}
{"event": "training_step", "timestamp": 1783695280.7481554, "step": 61, "max_steps": 994, "loss": 7.770025253295898, "elapsed_time": 860.1367933750153, "prnt": false}
{"event": "training_step", "timestamp": 1783695295.6322126, "step": 62, "max_steps": 994, "loss": 7.771425724029541, "elapsed_time": 875.0208470821381, "prnt": false}
{"event": "training_step", "timestamp": 1783695309.1003952, "step": 63, "max_steps": 994, "loss": 7.761347770690918, "elapsed_time": 888.4890143871307, "prnt": false}
{"event": "training_step", "timestamp": 1783695322.8098423, "step": 64, "max_steps": 994, "loss": 7.799141883850098, "elapsed_time": 902.1984841823578, "prnt": false}
{"event": "training_step", "timestamp": 1783695339.7131398, "step": 65, "max_steps": 994, "loss": 7.801930904388428, "elapsed_time": 919.1017117500305, "prnt": false}
{"event": "training_step", "timestamp": 1783695352.9285996, "step": 66, "max_steps": 994, "loss": 7.77034854888916, "elapsed_time": 932.3172302246094, "prnt": false}
{"event": "training_step", "timestamp": 1783695366.8850172, "step": 67, "max_steps": 994, "loss": 7.740997314453125, "elapsed_time": 946.273640871048, "prnt": false}
{"event": "training_step", "timestamp": 1783695380.0410652, "step": 68, "max_steps": 994, "loss": 7.747279167175293, "elapsed_time": 959.4296951293945, "prnt": false}
{"event": "training_step", "timestamp": 1783695393.1356344, "step": 69, "max_steps": 994, "loss": 7.7710442543029785, "elapsed_time": 972.5242850780487, "prnt": false}
{"event": "training_step", "timestamp": 1783695408.0700588, "step": 70, "max_steps": 994, "loss": 7.7423810958862305, "elapsed_time": 987.4582874774933, "prnt": false}
{"event": "training_step", "timestamp": 1783695421.3017395, "step": 71, "max_steps": 994, "loss": 7.74968147277832, "elapsed_time": 1000.6903581619263, "prnt": false}
{"event": "training_step", "timestamp": 1783695434.2209616, "step": 72, "max_steps": 994, "loss": 7.734633922576904, "elapsed_time": 1013.6096119880676, "prnt": false}
{"event": "training_step", "timestamp": 1783695446.8901162, "step": 73, "max_steps": 994, "loss": 7.768014430999756, "elapsed_time": 1026.2782533168793, "prnt": false}
{"event": "training_step", "timestamp": 1783695467.1974802, "step": 74, "max_steps": 994, "loss": 7.792800426483154, "elapsed_time": 1046.5861015319824, "prnt": false}
{"event": "training_step", "timestamp": 1783695481.787161, "step": 75, "max_steps": 994, "loss": 7.800037860870361, "elapsed_time": 1061.1757757663727, "prnt": false}
{"event": "training_step", "timestamp": 1783695494.8802404, "step": 76, "max_steps": 994, "loss": 7.766376972198486, "elapsed_time": 1074.2688913345337, "prnt": false}
{"event": "training_step", "timestamp": 1783695508.1105592, "step": 77, "max_steps": 994, "loss": 7.725464344024658, "elapsed_time": 1087.4992001056671, "prnt": false}
{"event": "training_step", "timestamp": 1783695521.4595656, "step": 78, "max_steps": 994, "loss": 7.788849353790283, "elapsed_time": 1100.8482072353363, "prnt": false}
{"event": "training_step", "timestamp": 1783695533.791692, "step": 79, "max_steps": 994, "loss": 7.711005210876465, "elapsed_time": 1113.180340051651, "prnt": false}
{"event": "training_step", "timestamp": 1783695546.273005, "step": 80, "max_steps": 994, "loss": 7.718330383300781, "elapsed_time": 1125.661639213562, "prnt": false}
{"event": "training_step", "timestamp": 1783695558.4637184, "step": 81, "max_steps": 994, "loss": 7.746530532836914, "elapsed_time": 1137.8523399829865, "prnt": false}
{"event": "training_step", "timestamp": 1783695572.5805883, "step": 82, "max_steps": 994, "loss": 7.714262008666992, "elapsed_time": 1151.969223499298, "prnt": false}
{"event": "training_step", "timestamp": 1783695586.6141243, "step": 83, "max_steps": 994, "loss": 7.770750522613525, "elapsed_time": 1166.00275015831, "prnt": false}
{"event": "training_step", "timestamp": 1783695599.749678, "step": 84, "max_steps": 994, "loss": 7.763265132904053, "elapsed_time": 1179.1383044719696, "prnt": false}
{"event": "training_step", "timestamp": 1783695615.2520623, "step": 85, "max_steps": 994, "loss": 7.726806640625, "elapsed_time": 1194.640715122223, "prnt": false}
{"event": "training_step", "timestamp": 1783695630.3834395, "step": 86, "max_steps": 994, "loss": 7.755733966827393, "elapsed_time": 1209.7718033790588, "prnt": false}
{"event": "training_step", "timestamp": 1783695653.6941066, "step": 87, "max_steps": 994, "loss": 7.700624942779541, "elapsed_time": 1233.0826680660248, "prnt": false}
{"event": "training_step", "timestamp": 1783695670.927429, "step": 88, "max_steps": 994, "loss": 7.724332332611084, "elapsed_time": 1250.3156244754791, "prnt": false}
{"event": "training_step", "timestamp": 1783695697.699375, "step": 89, "max_steps": 994, "loss": 7.746362686157227, "elapsed_time": 1277.0879340171814, "prnt": false}
{"event": "training_step", "timestamp": 1783695717.7291565, "step": 90, "max_steps": 994, "loss": 7.710859298706055, "elapsed_time": 1297.1177942752838, "prnt": false}
{"event": "training_step", "timestamp": 1783695732.0266511, "step": 91, "max_steps": 994, "loss": 7.68349552154541, "elapsed_time": 1311.4152467250824, "prnt": false}
{"event": "training_step", "timestamp": 1783695745.550566, "step": 92, "max_steps": 994, "loss": 7.701773643493652, "elapsed_time": 1324.9392025470734, "prnt": false}
{"event": "training_step", "timestamp": 1783695760.2413738, "step": 93, "max_steps": 994, "loss": 7.7245635986328125, "elapsed_time": 1339.6299843788147, "prnt": false}
{"event": "training_step", "timestamp": 1783695775.24477, "step": 94, "max_steps": 994, "loss": 7.7270331382751465, "elapsed_time": 1354.6333730220795, "prnt": false}
{"event": "validation_step", "timestamp": 1783695827.6329641, "step": 94, "max_steps": 994, "loss": 1.6720567169047724, "elapsed_time": 1354.6333730220795}
{"event": "training_step", "timestamp": 1783695845.5461192, "step": 95, "max_steps": 994, "loss": 7.653966426849365, "elapsed_time": 1424.9347343444824, "prnt": false}
{"event": "training_step", "timestamp": 1783695859.407306, "step": 96, "max_steps": 994, "loss": 7.709563255310059, "elapsed_time": 1438.7959218025208, "prnt": false}
{"event": "training_step", "timestamp": 1783695875.0456066, "step": 97, "max_steps": 994, "loss": 7.751661777496338, "elapsed_time": 1454.434257030487, "prnt": false}
{"event": "training_step", "timestamp": 1783695889.1723142, "step": 98, "max_steps": 994, "loss": 7.671417713165283, "elapsed_time": 1468.5609259605408, "prnt": false}
{"event": "training_step", "timestamp": 1783695902.0992398, "step": 99, "max_steps": 994, "loss": 7.721895217895508, "elapsed_time": 1481.487862110138, "prnt": false}
{"event": "training_step", "timestamp": 1783695920.9342704, "step": 100, "max_steps": 994, "loss": 7.69070291519165, "elapsed_time": 1500.3229007720947, "prnt": false}
{"event": "training_step", "timestamp": 1783695944.7590575, "step": 101, "max_steps": 994, "loss": 7.707402229309082, "elapsed_time": 1524.1468815803528, "prnt": false}
{"event": "training_step", "timestamp": 1783695978.8597622, "step": 102, "max_steps": 994, "loss": 7.641948223114014, "elapsed_time": 1558.2481744289398, "prnt": false}
{"event": "training_step", "timestamp": 1783695997.2254555, "step": 103, "max_steps": 994, "loss": 7.644500255584717, "elapsed_time": 1576.6141018867493, "prnt": false}
{"event": "training_step", "timestamp": 1783696018.706028, "step": 104, "max_steps": 994, "loss": 7.6439924240112305, "elapsed_time": 1598.0945200920105, "prnt": false}
{"event": "training_step", "timestamp": 1783696034.1937191, "step": 105, "max_steps": 994, "loss": 7.663058280944824, "elapsed_time": 1613.5823516845703, "prnt": false}
{"event": "training_step", "timestamp": 1783696048.0842562, "step": 106, "max_steps": 994, "loss": 7.68294620513916, "elapsed_time": 1627.472886800766, "prnt": false}
{"event": "training_step", "timestamp": 1783696063.2893627, "step": 107, "max_steps": 994, "loss": 7.646005153656006, "elapsed_time": 1642.6779973506927, "prnt": false}
{"event": "training_step", "timestamp": 1783696077.9573097, "step": 108, "max_steps": 994, "loss": 7.68041467666626, "elapsed_time": 1657.345951795578, "prnt": false}
{"event": "training_step", "timestamp": 1783696092.211637, "step": 109, "max_steps": 994, "loss": 7.689181804656982, "elapsed_time": 1671.6002595424652, "prnt": false}
{"event": "training_step", "timestamp": 1783696108.0652556, "step": 110, "max_steps": 994, "loss": 7.693575382232666, "elapsed_time": 1687.4539003372192, "prnt": false}
{"event": "training_step", "timestamp": 1783696124.1281369, "step": 111, "max_steps": 994, "loss": 7.664432048797607, "elapsed_time": 1703.5167710781097, "prnt": false}
{"event": "training_step", "timestamp": 1783696136.647308, "step": 112, "max_steps": 994, "loss": 7.684974670410156, "elapsed_time": 1716.0359654426575, "prnt": false}
{"event": "training_step", "timestamp": 1783696149.1170526, "step": 113, "max_steps": 994, "loss": 7.653793811798096, "elapsed_time": 1728.5057044029236, "prnt": false}
{"event": "training_step", "timestamp": 1783696160.527352, "step": 114, "max_steps": 994, "loss": 7.66500186920166, "elapsed_time": 1739.9160013198853, "prnt": false}
{"event": "training_step", "timestamp": 1783696173.408699, "step": 115, "max_steps": 994, "loss": 7.5686354637146, "elapsed_time": 1752.7973370552063, "prnt": false}
{"event": "training_step", "timestamp": 1783696187.436366, "step": 116, "max_steps": 994, "loss": 7.660257816314697, "elapsed_time": 1766.8250155448914, "prnt": false}
{"event": "training_step", "timestamp": 1783696201.4689777, "step": 117, "max_steps": 994, "loss": 7.677321434020996, "elapsed_time": 1780.8575801849365, "prnt": false}
{"event": "training_step", "timestamp": 1783696213.8877697, "step": 118, "max_steps": 994, "loss": 7.627624988555908, "elapsed_time": 1793.2764027118683, "prnt": false}
{"event": "training_step", "timestamp": 1783696225.399718, "step": 119, "max_steps": 994, "loss": 7.646557807922363, "elapsed_time": 1804.7883746623993, "prnt": false}
{"event": "training_step", "timestamp": 1783696240.2937527, "step": 120, "max_steps": 994, "loss": 7.666068077087402, "elapsed_time": 1819.6823916435242, "prnt": false}
{"event": "training_step", "timestamp": 1783696252.6952462, "step": 121, "max_steps": 994, "loss": 7.603250026702881, "elapsed_time": 1832.0838882923126, "prnt": false}
{"event": "training_step", "timestamp": 1783696265.0409307, "step": 122, "max_steps": 994, "loss": 7.643255710601807, "elapsed_time": 1844.4295725822449, "prnt": false}
{"event": "training_step", "timestamp": 1783696277.3097832, "step": 123, "max_steps": 994, "loss": 7.604275703430176, "elapsed_time": 1856.698442697525, "prnt": false}
{"event": "training_step", "timestamp": 1783696291.7292945, "step": 124, "max_steps": 994, "loss": 7.606999397277832, "elapsed_time": 1871.1179263591766, "prnt": false}
{"event": "training_step", "timestamp": 1783696304.7648299, "step": 125, "max_steps": 994, "loss": 7.574708461761475, "elapsed_time": 1884.1534729003906, "prnt": false}
{"event": "training_step", "timestamp": 1783696320.776491, "step": 126, "max_steps": 994, "loss": 7.675532341003418, "elapsed_time": 1900.165118932724, "prnt": false}
{"event": "training_step", "timestamp": 1783696333.5129554, "step": 127, "max_steps": 994, "loss": 7.630085468292236, "elapsed_time": 1912.9015800952911, "prnt": false}
{"event": "training_step", "timestamp": 1783696346.4379056, "step": 128, "max_steps": 994, "loss": 7.5984392166137695, "elapsed_time": 1925.8265309333801, "prnt": false}
{"event": "training_step", "timestamp": 1783696366.365496, "step": 129, "max_steps": 994, "loss": 7.612746715545654, "elapsed_time": 1945.7541296482086, "prnt": false}
{"event": "training_step", "timestamp": 1783696382.5942054, "step": 130, "max_steps": 994, "loss": 7.611802577972412, "elapsed_time": 1961.9828279018402, "prnt": false}
{"event": "training_step", "timestamp": 1783696397.3945394, "step": 131, "max_steps": 994, "loss": 7.630899906158447, "elapsed_time": 1976.7831888198853, "prnt": false}
{"event": "training_step", "timestamp": 1783696413.229147, "step": 132, "max_steps": 994, "loss": 7.596259593963623, "elapsed_time": 1992.6177690029144, "prnt": false}
{"event": "training_step", "timestamp": 1783696426.9102192, "step": 133, "max_steps": 994, "loss": 7.601836681365967, "elapsed_time": 2006.2988741397858, "prnt": false}
{"event": "training_step", "timestamp": 1783696438.0420432, "step": 134, "max_steps": 994, "loss": 7.6108198165893555, "elapsed_time": 2017.4307074546814, "prnt": false}
{"event": "training_step", "timestamp": 1783696449.7271817, "step": 135, "max_steps": 994, "loss": 7.612995147705078, "elapsed_time": 2029.115822315216, "prnt": false}
{"event": "training_step", "timestamp": 1783696461.6147213, "step": 136, "max_steps": 994, "loss": 7.628748416900635, "elapsed_time": 2041.003362417221, "prnt": false}
{"event": "training_step", "timestamp": 1783696475.5037673, "step": 137, "max_steps": 994, "loss": 7.567052841186523, "elapsed_time": 2054.8923988342285, "prnt": false}
{"event": "training_step", "timestamp": 1783696489.108911, "step": 138, "max_steps": 994, "loss": 7.605555534362793, "elapsed_time": 2068.4975476264954, "prnt": false}
{"event": "training_step", "timestamp": 1783696501.7412155, "step": 139, "max_steps": 994, "loss": 7.526670455932617, "elapsed_time": 2081.1298406124115, "prnt": false}
{"event": "training_step", "timestamp": 1783696516.4746451, "step": 140, "max_steps": 994, "loss": 7.560137748718262, "elapsed_time": 2095.863299369812, "prnt": false}
{"event": "training_step", "timestamp": 1783696533.8632157, "step": 141, "max_steps": 994, "loss": 7.605350971221924, "elapsed_time": 2113.251795053482, "prnt": false}
{"event": "validation_step", "timestamp": 1783696583.2183683, "step": 141, "max_steps": 994, "loss": 1.6404099722455658, "elapsed_time": 2113.251795053482}
{"event": "training_step", "timestamp": 1783696600.1126208, "step": 142, "max_steps": 994, "loss": 7.529662132263184, "elapsed_time": 2179.501228570938, "prnt": false}
{"event": "training_step", "timestamp": 1783696614.7159348, "step": 143, "max_steps": 994, "loss": 7.605622291564941, "elapsed_time": 2194.104567527771, "prnt": false}
{"event": "training_step", "timestamp": 1783696627.5200665, "step": 144, "max_steps": 994, "loss": 7.564822673797607, "elapsed_time": 2206.908113002777, "prnt": false}
{"event": "training_step", "timestamp": 1783696640.1885376, "step": 145, "max_steps": 994, "loss": 7.5019683837890625, "elapsed_time": 2219.5771703720093, "prnt": false}
{"event": "training_step", "timestamp": 1783696654.5291724, "step": 146, "max_steps": 994, "loss": 7.486685276031494, "elapsed_time": 2233.9177961349487, "prnt": false}
{"event": "training_step", "timestamp": 1783696667.165482, "step": 147, "max_steps": 994, "loss": 7.545447826385498, "elapsed_time": 2246.5540668964386, "prnt": false}
{"event": "training_step", "timestamp": 1783696678.9991536, "step": 148, "max_steps": 994, "loss": 7.566211700439453, "elapsed_time": 2258.3878059387207, "prnt": false}
{"event": "training_step", "timestamp": 1783696691.759384, "step": 149, "max_steps": 994, "loss": 7.536177635192871, "elapsed_time": 2271.1480181217194, "prnt": false}
{"event": "training_step", "timestamp": 1783696703.0659084, "step": 150, "max_steps": 994, "loss": 7.4893717765808105, "elapsed_time": 2282.4545736312866, "prnt": false}
{"event": "training_step", "timestamp": 1783696718.6483335, "step": 151, "max_steps": 994, "loss": 7.512843608856201, "elapsed_time": 2298.0369911193848, "prnt": false}
{"event": "training_step", "timestamp": 1783696731.2794812, "step": 152, "max_steps": 994, "loss": 7.545655250549316, "elapsed_time": 2310.6681287288666, "prnt": false}
{"event": "training_step", "timestamp": 1783696743.6053617, "step": 153, "max_steps": 994, "loss": 7.5671491622924805, "elapsed_time": 2322.9939844608307, "prnt": false}
{"event": "training_step", "timestamp": 1783696756.5415404, "step": 154, "max_steps": 994, "loss": 7.577084064483643, "elapsed_time": 2335.93017911911, "prnt": false}
{"event": "training_step", "timestamp": 1783696770.779256, "step": 155, "max_steps": 994, "loss": 7.455455303192139, "elapsed_time": 2350.1677067279816, "prnt": false}
{"event": "training_step", "timestamp": 1783696785.0904357, "step": 156, "max_steps": 994, "loss": 7.518576145172119, "elapsed_time": 2364.4789385795593, "prnt": false}
{"event": "training_step", "timestamp": 1783696798.4038563, "step": 157, "max_steps": 994, "loss": 7.490116119384766, "elapsed_time": 2377.7925181388855, "prnt": false}
{"event": "training_step", "timestamp": 1783696813.3136609, "step": 158, "max_steps": 994, "loss": 7.493032455444336, "elapsed_time": 2392.702221632004, "prnt": false}
{"event": "training_step", "timestamp": 1783696831.4888752, "step": 159, "max_steps": 994, "loss": 7.534919261932373, "elapsed_time": 2410.8770666122437, "prnt": false}
{"event": "training_step", "timestamp": 1783696846.1949463, "step": 160, "max_steps": 994, "loss": 7.499864101409912, "elapsed_time": 2425.5832991600037, "prnt": false}
{"event": "training_step", "timestamp": 1783696859.683217, "step": 161, "max_steps": 994, "loss": 7.517602920532227, "elapsed_time": 2439.071843624115, "prnt": false}
{"event": "training_step", "timestamp": 1783696872.8465607, "step": 162, "max_steps": 994, "loss": 7.5227484703063965, "elapsed_time": 2452.2352092266083, "prnt": false}
{"event": "training_step", "timestamp": 1783696885.6758168, "step": 163, "max_steps": 994, "loss": 7.524154186248779, "elapsed_time": 2465.0644595623016, "prnt": false}
{"event": "training_step", "timestamp": 1783696898.782715, "step": 164, "max_steps": 994, "loss": 7.500499248504639, "elapsed_time": 2478.171376466751, "prnt": false}
{"event": "training_step", "timestamp": 1783696911.2474253, "step": 165, "max_steps": 994, "loss": 7.423360824584961, "elapsed_time": 2490.636075258255, "prnt": false}
{"event": "training_step", "timestamp": 1783696924.040349, "step": 166, "max_steps": 994, "loss": 7.477378845214844, "elapsed_time": 2503.4289734363556, "prnt": false}
{"event": "training_step", "timestamp": 1783696937.0958455, "step": 167, "max_steps": 994, "loss": 7.505816459655762, "elapsed_time": 2516.484499692917, "prnt": false}
{"event": "training_step", "timestamp": 1783696950.366395, "step": 168, "max_steps": 994, "loss": 7.449200630187988, "elapsed_time": 2529.7550456523895, "prnt": false}
{"event": "training_step", "timestamp": 1783696963.2519567, "step": 169, "max_steps": 994, "loss": 7.473700523376465, "elapsed_time": 2542.640599489212, "prnt": false}
{"event": "training_step", "timestamp": 1783696974.8139167, "step": 170, "max_steps": 994, "loss": 7.496644496917725, "elapsed_time": 2554.2025492191315, "prnt": false}
{"event": "training_step", "timestamp": 1783696986.4965932, "step": 171, "max_steps": 994, "loss": 7.497286319732666, "elapsed_time": 2565.8852183818817, "prnt": false}
{"event": "training_step", "timestamp": 1783696998.5045605, "step": 172, "max_steps": 994, "loss": 7.494758605957031, "elapsed_time": 2577.8932020664215, "prnt": false}
{"event": "training_step", "timestamp": 1783697012.0201516, "step": 173, "max_steps": 994, "loss": 7.4987263679504395, "elapsed_time": 2591.4087738990784, "prnt": false}
{"event": "training_step", "timestamp": 1783697028.3098392, "step": 174, "max_steps": 994, "loss": 7.439314842224121, "elapsed_time": 2607.6984870433807, "prnt": false}
{"event": "training_step", "timestamp": 1783697041.4355285, "step": 175, "max_steps": 994, "loss": 7.501353740692139, "elapsed_time": 2620.8241641521454, "prnt": false}
{"event": "training_step", "timestamp": 1783697053.7389517, "step": 176, "max_steps": 994, "loss": 7.464699745178223, "elapsed_time": 2633.127540588379, "prnt": false}
{"event": "training_step", "timestamp": 1783697065.6492598, "step": 177, "max_steps": 994, "loss": 7.4519734382629395, "elapsed_time": 2645.0378952026367, "prnt": false}
{"event": "training_step", "timestamp": 1783697082.971899, "step": 178, "max_steps": 994, "loss": 7.499066352844238, "elapsed_time": 2662.360517024994, "prnt": false}
