{"event": "hyperparameters_configured", "timestamp": 1783859482.2730093, "block_size": 128, "batch_size": 64, "vocab_size": 16000, "n_layer": 6, "n_head": 8, "d_model": 512, "dropout": 0.1, "lr": 0.006, "weight_decay": 0.0, "evals_per_epoch": 3, "epochs": 7, "seed": 1337, "num_titles": 100000, "val_frac": 0.1, "log_file": "./logs/optim_muon.log"}
{"event": "device_info", "timestamp": 1783859482.2732782, "device": "cpu"}
{"event": "dataset_info", "timestamp": 1783859491.8155556, "titles_count": 90000, "epochs": 7, "batches_per_epoch": 142, "tokens_per_epoch": 1168720, "vocab_size": 16000}
{"event": "model_info", "timestamp": 1783859492.1554043, "parameters_count": 27172864}
{"event": "training_step", "timestamp": 1783859498.5564468, "step": 1, "max_steps": 994, "loss": 9.781941413879395, "elapsed_time": 6.019964933395386, "prnt": false}
{"event": "validation_step", "timestamp": 1783859518.151173, "step": 1, "max_steps": 994, "loss": 2.0780582815471713, "elapsed_time": 6.019964933395386}
{"event": "training_step", "timestamp": 1783859524.1880257, "step": 2, "max_steps": 994, "loss": 9.581293106079102, "elapsed_time": 31.651588678359985, "prnt": false}
{"event": "training_step", "timestamp": 1783859530.581789, "step": 3, "max_steps": 994, "loss": 9.403449058532715, "elapsed_time": 38.045284032821655, "prnt": false}
{"event": "training_step", "timestamp": 1783859536.790979, "step": 4, "max_steps": 994, "loss": 9.233222961425781, "elapsed_time": 44.254544734954834, "prnt": false}
{"event": "training_step", "timestamp": 1783859543.2206123, "step": 5, "max_steps": 994, "loss": 9.068951606750488, "elapsed_time": 50.68411207199097, "prnt": false}
{"event": "training_step", "timestamp": 1783859549.8243768, "step": 6, "max_steps": 994, "loss": 8.930310249328613, "elapsed_time": 57.28790807723999, "prnt": false}
{"event": "training_step", "timestamp": 1783859556.0394118, "step": 7, "max_steps": 994, "loss": 8.771828651428223, "elapsed_time": 63.502976179122925, "prnt": false}
{"event": "training_step", "timestamp": 1783859561.968266, "step": 8, "max_steps": 994, "loss": 8.647455215454102, "elapsed_time": 69.43183207511902, "prnt": false}
{"event": "training_step", "timestamp": 1783859567.8789866, "step": 9, "max_steps": 994, "loss": 8.533134460449219, "elapsed_time": 75.34255695343018, "prnt": false}
{"event": "training_step", "timestamp": 1783859574.1370006, "step": 10, "max_steps": 994, "loss": 8.436659812927246, "elapsed_time": 81.60056376457214, "prnt": false}
{"event": "training_step", "timestamp": 1783859580.257619, "step": 11, "max_steps": 994, "loss": 8.361894607543945, "elapsed_time": 87.72112798690796, "prnt": false}
{"event": "training_step", "timestamp": 1783859586.5213351, "step": 12, "max_steps": 994, "loss": 8.297508239746094, "elapsed_time": 93.98490071296692, "prnt": false}
{"event": "training_step", "timestamp": 1783859592.7067492, "step": 13, "max_steps": 994, "loss": 8.146069526672363, "elapsed_time": 100.17029190063477, "prnt": false}
{"event": "training_step", "timestamp": 1783859598.9077528, "step": 14, "max_steps": 994, "loss": 8.101611137390137, "elapsed_time": 106.37132167816162, "prnt": false}
{"event": "training_step", "timestamp": 1783859605.5098352, "step": 15, "max_steps": 994, "loss": 8.024092674255371, "elapsed_time": 112.97337579727173, "prnt": false}
{"event": "training_step", "timestamp": 1783859611.6381266, "step": 16, "max_steps": 994, "loss": 7.961740016937256, "elapsed_time": 119.10166835784912, "prnt": false}
{"event": "training_step", "timestamp": 1783859617.9926715, "step": 17, "max_steps": 994, "loss": 7.929339408874512, "elapsed_time": 125.45623993873596, "prnt": false}
{"event": "training_step", "timestamp": 1783859624.1674874, "step": 18, "max_steps": 994, "loss": 7.8516058921813965, "elapsed_time": 131.63105058670044, "prnt": false}
{"event": "training_step", "timestamp": 1783859630.5237153, "step": 19, "max_steps": 994, "loss": 7.819177627563477, "elapsed_time": 137.9872543811798, "prnt": false}
{"event": "training_step", "timestamp": 1783859637.3672504, "step": 20, "max_steps": 994, "loss": 7.770360469818115, "elapsed_time": 144.82922315597534, "prnt": false}
{"event": "training_step", "timestamp": 1783859643.9540944, "step": 21, "max_steps": 994, "loss": 7.7462968826293945, "elapsed_time": 151.41762232780457, "prnt": false}
{"event": "training_step", "timestamp": 1783859650.4844747, "step": 22, "max_steps": 994, "loss": 7.6881890296936035, "elapsed_time": 157.94801449775696, "prnt": false}
{"event": "training_step", "timestamp": 1783859656.9089234, "step": 23, "max_steps": 994, "loss": 7.576704978942871, "elapsed_time": 164.37245416641235, "prnt": false}
{"event": "training_step", "timestamp": 1783859663.3982422, "step": 24, "max_steps": 994, "loss": 7.626436233520508, "elapsed_time": 170.86177897453308, "prnt": false}
{"event": "training_step", "timestamp": 1783859670.0321963, "step": 25, "max_steps": 994, "loss": 7.609061241149902, "elapsed_time": 177.4957103729248, "prnt": false}
{"event": "training_step", "timestamp": 1783859676.3731182, "step": 26, "max_steps": 994, "loss": 7.531771183013916, "elapsed_time": 183.836678981781, "prnt": false}
{"event": "training_step", "timestamp": 1783859683.1481671, "step": 27, "max_steps": 994, "loss": 7.521238803863525, "elapsed_time": 190.6116554737091, "prnt": false}
{"event": "training_step", "timestamp": 1783859689.3395066, "step": 28, "max_steps": 994, "loss": 7.503166675567627, "elapsed_time": 196.80307507514954, "prnt": false}
{"event": "training_step", "timestamp": 1783859695.9222617, "step": 29, "max_steps": 994, "loss": 7.505565166473389, "elapsed_time": 203.38577961921692, "prnt": false}
{"event": "training_step", "timestamp": 1783859702.2852714, "step": 30, "max_steps": 994, "loss": 7.464620590209961, "elapsed_time": 209.74883890151978, "prnt": false}
{"event": "training_step", "timestamp": 1783859708.5900247, "step": 31, "max_steps": 994, "loss": 7.488293170928955, "elapsed_time": 216.05357265472412, "prnt": false}
{"event": "training_step", "timestamp": 1783859715.2173963, "step": 32, "max_steps": 994, "loss": 7.372870445251465, "elapsed_time": 222.6809332370758, "prnt": false}
{"event": "training_step", "timestamp": 1783859723.3107424, "step": 33, "max_steps": 994, "loss": 7.457431316375732, "elapsed_time": 230.77420663833618, "prnt": false}
{"event": "training_step", "timestamp": 1783859731.4530232, "step": 34, "max_steps": 994, "loss": 7.390124797821045, "elapsed_time": 238.9164752960205, "prnt": false}
{"event": "training_step", "timestamp": 1783859739.2925541, "step": 35, "max_steps": 994, "loss": 7.373612880706787, "elapsed_time": 246.75603580474854, "prnt": false}
{"event": "training_step", "timestamp": 1783859746.221902, "step": 36, "max_steps": 994, "loss": 7.407446384429932, "elapsed_time": 253.6854705810547, "prnt": false}
{"event": "training_step", "timestamp": 1783859753.1917012, "step": 37, "max_steps": 994, "loss": 7.370059967041016, "elapsed_time": 260.65517711639404, "prnt": false}
{"event": "training_step", "timestamp": 1783859759.9056962, "step": 38, "max_steps": 994, "loss": 7.3468780517578125, "elapsed_time": 267.36926078796387, "prnt": false}
{"event": "training_step", "timestamp": 1783859766.4601252, "step": 39, "max_steps": 994, "loss": 7.356013774871826, "elapsed_time": 273.92369270324707, "prnt": false}
{"event": "training_step", "timestamp": 1783859772.8713436, "step": 40, "max_steps": 994, "loss": 7.343213081359863, "elapsed_time": 280.3348717689514, "prnt": false}
{"event": "training_step", "timestamp": 1783859779.8604891, "step": 41, "max_steps": 994, "loss": 7.261473178863525, "elapsed_time": 287.323947429657, "prnt": false}
{"event": "training_step", "timestamp": 1783859788.113077, "step": 42, "max_steps": 994, "loss": 7.236877918243408, "elapsed_time": 295.5765609741211, "prnt": false}
{"event": "training_step", "timestamp": 1783859795.8601975, "step": 43, "max_steps": 994, "loss": 7.211219310760498, "elapsed_time": 303.3237216472626, "prnt": false}
{"event": "training_step", "timestamp": 1783859802.9137192, "step": 44, "max_steps": 994, "loss": 7.306241989135742, "elapsed_time": 310.37728452682495, "prnt": false}
{"event": "training_step", "timestamp": 1783859809.7393835, "step": 45, "max_steps": 994, "loss": 7.295024871826172, "elapsed_time": 317.2028706073761, "prnt": false}
{"event": "training_step", "timestamp": 1783859816.8740616, "step": 46, "max_steps": 994, "loss": 7.231565475463867, "elapsed_time": 324.3375971317291, "prnt": false}
{"event": "training_step", "timestamp": 1783859824.0134094, "step": 47, "max_steps": 994, "loss": 7.298091411590576, "elapsed_time": 331.47693037986755, "prnt": false}
{"event": "validation_step", "timestamp": 1783859850.389257, "step": 47, "max_steps": 994, "loss": 1.5634479562895307, "elapsed_time": 331.47693037986755}
{"event": "training_step", "timestamp": 1783859857.7490933, "step": 48, "max_steps": 994, "loss": 7.251466274261475, "elapsed_time": 365.21262073516846, "prnt": false}
{"event": "training_step", "timestamp": 1783859864.4371622, "step": 49, "max_steps": 994, "loss": 7.228916645050049, "elapsed_time": 371.9005763530731, "prnt": false}
{"event": "training_step", "timestamp": 1783859870.829432, "step": 50, "max_steps": 994, "loss": 7.228078842163086, "elapsed_time": 378.29299545288086, "prnt": false}
{"event": "training_step", "timestamp": 1783859877.8597035, "step": 51, "max_steps": 994, "loss": 7.252963542938232, "elapsed_time": 385.3232042789459, "prnt": false}
{"event": "training_step", "timestamp": 1783859884.3447099, "step": 52, "max_steps": 994, "loss": 7.208746910095215, "elapsed_time": 391.80827164649963, "prnt": false}
{"event": "training_step", "timestamp": 1783859890.8910682, "step": 53, "max_steps": 994, "loss": 7.181416034698486, "elapsed_time": 398.35462474823, "prnt": false}
{"event": "training_step", "timestamp": 1783859897.7500167, "step": 54, "max_steps": 994, "loss": 7.188625812530518, "elapsed_time": 405.21355748176575, "prnt": false}
{"event": "training_step", "timestamp": 1783859904.29819, "step": 55, "max_steps": 994, "loss": 7.158874988555908, "elapsed_time": 411.7617588043213, "prnt": false}
{"event": "training_step", "timestamp": 1783859911.4203825, "step": 56, "max_steps": 994, "loss": 7.171390056610107, "elapsed_time": 418.8838551044464, "prnt": false}
{"event": "training_step", "timestamp": 1783859918.2775362, "step": 57, "max_steps": 994, "loss": 7.079671859741211, "elapsed_time": 425.74108052253723, "prnt": false}
{"event": "training_step", "timestamp": 1783859925.0398123, "step": 58, "max_steps": 994, "loss": 7.149275302886963, "elapsed_time": 432.50337386131287, "prnt": false}
{"event": "training_step", "timestamp": 1783859933.6144881, "step": 59, "max_steps": 994, "loss": 7.166848182678223, "elapsed_time": 441.0779676437378, "prnt": false}
{"event": "training_step", "timestamp": 1783859940.72015, "step": 60, "max_steps": 994, "loss": 7.13115930557251, "elapsed_time": 448.1837110519409, "prnt": false}
{"event": "training_step", "timestamp": 1783859947.928008, "step": 61, "max_steps": 994, "loss": 7.1229567527771, "elapsed_time": 455.3914828300476, "prnt": false}
{"event": "training_step", "timestamp": 1783859955.3695905, "step": 62, "max_steps": 994, "loss": 7.111198425292969, "elapsed_time": 462.83315682411194, "prnt": false}
{"event": "training_step", "timestamp": 1783859963.0716364, "step": 63, "max_steps": 994, "loss": 7.0817718505859375, "elapsed_time": 470.53512048721313, "prnt": false}
{"event": "training_step", "timestamp": 1783859970.1453867, "step": 64, "max_steps": 994, "loss": 7.125664234161377, "elapsed_time": 477.6089551448822, "prnt": false}
{"event": "training_step", "timestamp": 1783859976.8794658, "step": 65, "max_steps": 994, "loss": 7.1574931144714355, "elapsed_time": 484.3430073261261, "prnt": false}
{"event": "training_step", "timestamp": 1783859983.6302185, "step": 66, "max_steps": 994, "loss": 7.099039077758789, "elapsed_time": 491.09378719329834, "prnt": false}
{"event": "training_step", "timestamp": 1783859990.2089832, "step": 67, "max_steps": 994, "loss": 7.039022922515869, "elapsed_time": 497.67255187034607, "prnt": false}
{"event": "training_step", "timestamp": 1783859997.218754, "step": 68, "max_steps": 994, "loss": 7.045242786407471, "elapsed_time": 504.6822807788849, "prnt": false}
{"event": "training_step", "timestamp": 1783860003.8206928, "step": 69, "max_steps": 994, "loss": 7.07087516784668, "elapsed_time": 511.2842619419098, "prnt": false}
{"event": "training_step", "timestamp": 1783860010.313692, "step": 70, "max_steps": 994, "loss": 7.040526866912842, "elapsed_time": 517.7772607803345, "prnt": false}
{"event": "training_step", "timestamp": 1783860018.584106, "step": 71, "max_steps": 994, "loss": 7.028748989105225, "elapsed_time": 526.0475804805756, "prnt": false}
{"event": "training_step", "timestamp": 1783860036.8741946, "step": 72, "max_steps": 994, "loss": 7.033067226409912, "elapsed_time": 544.3376684188843, "prnt": false}
{"event": "training_step", "timestamp": 1783860050.8950105, "step": 73, "max_steps": 994, "loss": 7.035116195678711, "elapsed_time": 558.3584377765656, "prnt": false}
